<?xml version="1.0" encoding="UTF-8"?>
<!-- Generated by org.testng.reporters.JUnitXMLReporter -->
<testsuite ignored="0" hostname="DESKTOP-1BAS52A" failures="0" tests="3" name="Default test" time="218.448" errors="0" timestamp="2024-08-27T22:59:52 ICT">
  <testcase classname="automation.testsuite.Day14_BTVN" name="RegisterSuccessfully" time="42.583"/>
  <testcase classname="automation.testsuite.Day14_BTVN" name="ChangeInformationUserFunction" time="62.776"/>
  <testcase classname="automation.testsuite.Day14_BTVN" name="loginFunction" time="42.117"/>
</testsuite> <!-- Default test -->
