<?xml version="1.0" encoding="UTF-8"?>
<!-- Generated by org.testng.reporters.JUnitXMLReporter -->
<testsuite ignored="4" hostname="DESKTOP-1BAS52A" failures="0" tests="1" name="Default test" time="111.064" errors="0" timestamp="2024-09-22T22:24:48 ICT">
  <testcase classname="automation.testsuite.ChauVoiRuaBat_BepAnToan" name="clickMucGiaNhoHon3" time="95.479"/>
  <testcase classname="automation.testsuite.ChauVoiRuaBat_BepAnToan" name="clickDanhMucChauRuachenBat" time="0.0">
    <ignored/>
  </testcase> <!-- clickDanhMucChauRuachenBat -->
  <testcase classname="automation.testsuite.ChauVoiRuaBat_BepAnToan" name="clickHangSanXuat" time="0.0">
    <ignored/>
  </testcase> <!-- clickHangSanXuat -->
  <testcase classname="automation.testsuite.ChauVoiRuaBat_BepAnToan" name="clickGiamGiaNhieu" time="0.0">
    <ignored/>
  </testcase> <!-- clickGiamGiaNhieu -->
  <testcase classname="automation.testsuite.ChauVoiRuaBat_BepAnToan" name="clickDanhMucVoiRuaChenBat" time="0.0">
    <ignored/>
  </testcase> <!-- clickDanhMucVoiRuaChenBat -->
</testsuite> <!-- Default test -->
