<?xml version="1.0" encoding="UTF-8"?>
<testng-results ignored="0" total="2" passed="2" failed="0" skipped="0">
  <reporter-output>
  </reporter-output>
  <suite started-at="2024-08-12T21:20:08 ICT" name="Default suite" finished-at="2024-08-12T21:20:20 ICT" duration-ms="12557">
    <groups>
    </groups>
    <test started-at="2024-08-12T21:20:08 ICT" name="Default test" finished-at="2024-08-12T21:20:20 ICT" duration-ms="12557">
      <class name="automation.testsuite.Day12_BTVN">
        <test-method is-config="true" signature="openChrome()[pri:0, instance:automation.testsuite.Day12_BTVN@694abbdc]" started-at="2024-08-12T21:20:08 ICT" name="openChrome" finished-at="2024-08-12T21:20:15 ICT" duration-ms="6965" status="PASS">
          <reporter-output>
          </reporter-output>
        </test-method> <!-- openChrome -->
        <test-method signature="case1_Dropdownlist_State()[pri:0, instance:automation.testsuite.Day12_BTVN@694abbdc]" started-at="2024-08-12T21:20:15 ICT" name="case1_Dropdownlist_State" finished-at="2024-08-12T21:20:15 ICT" duration-ms="397" status="PASS">
          <reporter-output>
          </reporter-output>
        </test-method> <!-- case1_Dropdownlist_State -->
        <test-method is-config="true" signature="openChrome()[pri:0, instance:automation.testsuite.Day12_BTVN@694abbdc]" started-at="2024-08-12T21:20:15 ICT" name="openChrome" finished-at="2024-08-12T21:20:18 ICT" duration-ms="3055" status="PASS">
          <reporter-output>
          </reporter-output>
        </test-method> <!-- openChrome -->
        <test-method signature="case2_RadioButtonHosting()[pri:0, instance:automation.testsuite.Day12_BTVN@694abbdc]" started-at="2024-08-12T21:20:18 ICT" name="case2_RadioButtonHosting" finished-at="2024-08-12T21:20:20 ICT" duration-ms="2077" status="PASS">
          <reporter-output>
          </reporter-output>
        </test-method> <!-- case2_RadioButtonHosting -->
      </class> <!-- automation.testsuite.Day12_BTVN -->
    </test> <!-- Default test -->
  </suite> <!-- Default suite -->
</testng-results>
