<?xml version="1.0" encoding="UTF-8"?>
<testng-results ignored="3" total="4" passed="1" failed="0" skipped="0">
  <reporter-output>
  </reporter-output>
  <suite started-at="2024-08-21T08:18:12 ICT" name="Default suite" finished-at="2024-08-21T08:19:23 ICT" duration-ms="70416">
    <groups>
    </groups>
    <test started-at="2024-08-21T08:18:12 ICT" name="Default test" finished-at="2024-08-21T08:19:23 ICT" duration-ms="70416">
      <class name="automation.testsuite.LoginTest">
        <test-method is-config="true" signature="openChrome()[pri:0, instance:automation.testsuite.LoginTest@1fa268de]" started-at="2024-08-21T08:18:12 ICT" name="openChrome" finished-at="2024-08-21T08:18:18 ICT" duration-ms="6176" status="PASS">
          <reporter-output>
          </reporter-output>
        </test-method> <!-- openChrome -->
        <test-method signature="loginSuccessfully()[pri:0, instance:automation.testsuite.LoginTest@1fa268de]" started-at="2024-08-21T08:18:18 ICT" name="loginSuccessfully" finished-at="2024-08-21T08:19:23 ICT" duration-ms="64157" status="PASS">
          <reporter-output>
          </reporter-output>
        </test-method> <!-- loginSuccessfully -->
      </class> <!-- automation.testsuite.LoginTest -->
    </test> <!-- Default test -->
  </suite> <!-- Default suite -->
</testng-results>
