<?xml version="1.0" encoding="UTF-8"?>
<!-- Generated by org.testng.reporters.JUnitXMLReporter -->
<testsuite ignored="0" hostname="DESKTOP-1BAS52A" failures="0" tests="4" name="Regression test test suite on firefox" time="80.185" errors="0" timestamp="2024-09-17T07:42:12 ICT">
  <testcase classname="automation.testsuite.Day18_BTVN1_TestSuit" name="checkZalo" time="3.942"/>
  <testcase classname="automation.testsuite.Day18_BTVN2_TestSuit" name="checkMessage" time="3.357"/>
  <testcase classname="automation.testsuite.Day17_BTVN_TestSuite" name="handleIframeMessage" time="11.587"/>
  <testcase classname="automation.testsuite.Day17_BTVN_TestSuite" name="handleIframeZalo" time="8.321"/>
</testsuite> <!-- Regression test test suite on firefox -->
